SF:lib/repositories/base_repository.dart
DA:12,1
DA:15,1
DA:22,1
DA:23,2
DA:27,1
DA:28,2
DA:31,1
DA:34,3
DA:35,1
DA:37,1
DA:39,1
DA:40,2
DA:43,1
DA:45,1
DA:46,1
DA:50,1
LF:16
LH:16
end_of_record
SF:lib/exceptions/repository_exception.dart
DA:4,12
DA:8,1
DA:9,1
LF:3
LH:3
end_of_record
SF:lib/utils/rest_logger.dart
DA:3,7
DA:6,6
DA:10,2
DA:11,2
DA:13,1
DA:16,2
DA:17,2
DA:19,1
DA:22,1
DA:27,1
DA:28,2
DA:30,1
DA:35,6
LF:13
LH:13
end_of_record
SF:lib/models/user.dart
DA:15,3
DA:26,4
DA:27,2
DA:28,2
DA:29,2
DA:30,2
DA:31,4
DA:32,2
DA:33,2
DA:34,4
DA:37,2
DA:38,1
DA:39,1
DA:40,1
DA:41,1
DA:42,2
DA:43,1
DA:44,1
DA:45,2
DA:48,1
DA:58,1
DA:59,1
DA:60,1
DA:61,1
DA:62,1
DA:63,1
DA:64,1
DA:65,1
DA:66,1
DA:69,1
DA:71,1
DA:72,1
DA:73,1
DA:74,1
DA:75,1
DA:76,1
DA:77,1
DA:78,1
DA:79,1
LF:39
LH:39
end_of_record
SF:lib/models/address.dart
DA:12,5
DA:20,6
DA:21,3
DA:22,3
DA:23,3
DA:24,3
DA:25,6
DA:28,4
DA:29,2
DA:30,2
DA:31,2
DA:32,2
DA:33,4
DA:36,1
DA:43,1
DA:44,1
DA:45,1
DA:46,1
DA:47,1
DA:48,1
DA:51,2
DA:52,12
LF:22
LH:22
end_of_record
SF:lib/models/company.dart
DA:8,5
DA:14,6
DA:15,3
DA:16,3
DA:17,3
DA:20,4
DA:21,2
DA:22,2
DA:23,2
DA:26,1
DA:31,1
DA:32,1
DA:33,1
DA:34,1
DA:38,2
DA:39,8
LF:16
LH:16
end_of_record
SF:lib/models/geo.dart
DA:7,7
DA:12,8
DA:13,4
DA:14,4
DA:17,6
DA:18,3
DA:19,3
DA:22,1
DA:26,1
DA:27,1
DA:28,1
DA:31,3
DA:32,9
LF:13
LH:13
end_of_record
SF:lib/repositories/user_repository.dart
DA:6,1
DA:8,1
DA:10,1
DA:11,4
DA:12,1
DA:19,4
LF:6
LH:6
end_of_record
